<?xml version="1.0" encoding="UTF-8"?>
<testng-results ignored="10" total="13" passed="3" failed="0" skipped="0">
  <reporter-output>
  </reporter-output>
  <suite started-at="2021-12-31T23:36:39 IST" name="Suite" finished-at="2021-12-31T23:39:31 IST" duration-ms="171923">
    <groups>
      <group name="regressionTest">
        <method signature="CreateOrgTestWithIndAndType.CreateOrgWithind()[pri:0, instance:com.crm.autodesk.org.CreateOrgTestWithIndAndType@6eda5c9]" name="CreateOrgWithind" class="com.crm.autodesk.org.CreateOrgTestWithIndAndType"/>
        <method signature="NotifyOwnerBoxISEnableOrNot.NotifyOwner()[pri:0, instance:com.crm.autodesk.contact.NotifyOwnerBoxISEnableOrNot@56620197]" name="NotifyOwner" class="com.crm.autodesk.contact.NotifyOwnerBoxISEnableOrNot"/>
        <method signature="PortalUserBoxIsEnbaleOrNot.PortalUserBoxTest()[pri:0, instance:com.crm.autodesk.contact.PortalUserBoxIsEnbaleOrNot@20ce78ec]" name="PortalUserBoxTest" class="com.crm.autodesk.contact.PortalUserBoxIsEnbaleOrNot"/>
      </group> <!-- regressionTest -->
    </groups>
    <test started-at="2021-12-31T23:36:39 IST" name="Test" finished-at="2021-12-31T23:39:31 IST" duration-ms="171923">
      <class name="com.crm.autodesk.contact.CreateContactsTest">
        <test-method is-config="true" signature="dbConnection()[pri:0, instance:com.crm.autodesk.contact.CreateContactsTest@188715b5]" started-at="2021-12-31T23:36:39 IST" name="dbConnection" finished-at="2021-12-31T23:36:39 IST" duration-ms="7" status="PASS">
          <reporter-output>
          </reporter-output>
        </test-method> <!-- dbConnection -->
        <test-method is-config="true" signature="closeDBConnection()[pri:0, instance:com.crm.autodesk.contact.CreateContactsTest@188715b5]" started-at="2021-12-31T23:39:31 IST" name="closeDBConnection" finished-at="2021-12-31T23:39:31 IST" duration-ms="0" status="PASS">
          <reporter-output>
          </reporter-output>
        </test-method> <!-- closeDBConnection -->
      </class> <!-- com.crm.autodesk.contact.CreateContactsTest -->
      <class name="com.crm.autodesk.contact.PortalUserBoxIsEnbaleOrNot">
        <test-method is-config="true" signature="lunchBrowser()[pri:0, instance:com.crm.autodesk.contact.PortalUserBoxIsEnbaleOrNot@20ce78ec]" started-at="2021-12-31T23:36:39 IST" name="lunchBrowser" finished-at="2021-12-31T23:37:24 IST" duration-ms="45053" status="PASS">
          <reporter-output>
          </reporter-output>
        </test-method> <!-- lunchBrowser -->
        <test-method is-config="true" signature="loginToApp()[pri:0, instance:com.crm.autodesk.contact.PortalUserBoxIsEnbaleOrNot@20ce78ec]" started-at="2021-12-31T23:37:24 IST" name="loginToApp" finished-at="2021-12-31T23:37:39 IST" duration-ms="15083" status="PASS">
          <reporter-output>
          </reporter-output>
        </test-method> <!-- loginToApp -->
        <test-method signature="PortalUserBoxTest()[pri:0, instance:com.crm.autodesk.contact.PortalUserBoxIsEnbaleOrNot@20ce78ec]" started-at="2021-12-31T23:37:39 IST" name="PortalUserBoxTest" finished-at="2021-12-31T23:38:01 IST" duration-ms="22401" status="PASS">
          <reporter-output>
          </reporter-output>
        </test-method> <!-- PortalUserBoxTest -->
        <test-method is-config="true" signature="logoutFromApp()[pri:0, instance:com.crm.autodesk.contact.PortalUserBoxIsEnbaleOrNot@20ce78ec]" started-at="2021-12-31T23:38:01 IST" name="logoutFromApp" finished-at="2021-12-31T23:38:09 IST" duration-ms="7591" status="PASS">
          <reporter-output>
          </reporter-output>
        </test-method> <!-- logoutFromApp -->
        <test-method is-config="true" signature="closeBrowser()[pri:0, instance:com.crm.autodesk.contact.PortalUserBoxIsEnbaleOrNot@20ce78ec]" started-at="2021-12-31T23:38:09 IST" name="closeBrowser" finished-at="2021-12-31T23:38:10 IST" duration-ms="892" status="PASS">
          <reporter-output>
          </reporter-output>
        </test-method> <!-- closeBrowser -->
      </class> <!-- com.crm.autodesk.contact.PortalUserBoxIsEnbaleOrNot -->
      <class name="com.crm.autodesk.contact.NotifyOwnerBoxISEnableOrNot">
        <test-method is-config="true" signature="lunchBrowser()[pri:0, instance:com.crm.autodesk.contact.NotifyOwnerBoxISEnableOrNot@56620197]" started-at="2021-12-31T23:38:10 IST" name="lunchBrowser" finished-at="2021-12-31T23:38:25 IST" duration-ms="14998" status="PASS">
          <reporter-output>
          </reporter-output>
        </test-method> <!-- lunchBrowser -->
        <test-method is-config="true" signature="loginToApp()[pri:0, instance:com.crm.autodesk.contact.NotifyOwnerBoxISEnableOrNot@56620197]" started-at="2021-12-31T23:38:25 IST" name="loginToApp" finished-at="2021-12-31T23:38:28 IST" duration-ms="3142" status="PASS">
          <reporter-output>
          </reporter-output>
        </test-method> <!-- loginToApp -->
        <test-method signature="NotifyOwner()[pri:0, instance:com.crm.autodesk.contact.NotifyOwnerBoxISEnableOrNot@56620197]" started-at="2021-12-31T23:38:28 IST" name="NotifyOwner" finished-at="2021-12-31T23:38:49 IST" duration-ms="20558" status="PASS">
          <reporter-output>
          </reporter-output>
        </test-method> <!-- NotifyOwner -->
        <test-method is-config="true" signature="logoutFromApp()[pri:0, instance:com.crm.autodesk.contact.NotifyOwnerBoxISEnableOrNot@56620197]" started-at="2021-12-31T23:38:49 IST" name="logoutFromApp" finished-at="2021-12-31T23:38:56 IST" duration-ms="6810" status="PASS">
          <reporter-output>
          </reporter-output>
        </test-method> <!-- logoutFromApp -->
        <test-method is-config="true" signature="closeBrowser()[pri:0, instance:com.crm.autodesk.contact.NotifyOwnerBoxISEnableOrNot@56620197]" started-at="2021-12-31T23:38:56 IST" name="closeBrowser" finished-at="2021-12-31T23:38:56 IST" duration-ms="467" status="PASS">
          <reporter-output>
          </reporter-output>
        </test-method> <!-- closeBrowser -->
      </class> <!-- com.crm.autodesk.contact.NotifyOwnerBoxISEnableOrNot -->
      <class name="com.crm.autodesk.org.CreateOrgTestWithIndAndType">
        <test-method is-config="true" signature="lunchBrowser()[pri:0, instance:com.crm.autodesk.org.CreateOrgTestWithIndAndType@6eda5c9]" started-at="2021-12-31T23:38:56 IST" name="lunchBrowser" finished-at="2021-12-31T23:39:12 IST" duration-ms="15727" status="PASS">
          <reporter-output>
          </reporter-output>
        </test-method> <!-- lunchBrowser -->
        <test-method is-config="true" signature="loginToApp()[pri:0, instance:com.crm.autodesk.org.CreateOrgTestWithIndAndType@6eda5c9]" started-at="2021-12-31T23:39:12 IST" name="loginToApp" finished-at="2021-12-31T23:39:14 IST" duration-ms="2699" status="PASS">
          <reporter-output>
          </reporter-output>
        </test-method> <!-- loginToApp -->
        <test-method signature="CreateOrgWithind()[pri:0, instance:com.crm.autodesk.org.CreateOrgTestWithIndAndType@6eda5c9]" started-at="2021-12-31T23:39:14 IST" name="CreateOrgWithind" finished-at="2021-12-31T23:39:28 IST" duration-ms="13521" status="PASS">
          <reporter-output>
          </reporter-output>
        </test-method> <!-- CreateOrgWithind -->
        <test-method is-config="true" signature="logoutFromApp()[pri:0, instance:com.crm.autodesk.org.CreateOrgTestWithIndAndType@6eda5c9]" started-at="2021-12-31T23:39:28 IST" name="logoutFromApp" finished-at="2021-12-31T23:39:30 IST" duration-ms="2312" status="PASS">
          <reporter-output>
          </reporter-output>
        </test-method> <!-- logoutFromApp -->
        <test-method is-config="true" signature="closeBrowser()[pri:0, instance:com.crm.autodesk.org.CreateOrgTestWithIndAndType@6eda5c9]" started-at="2021-12-31T23:39:30 IST" name="closeBrowser" finished-at="2021-12-31T23:39:31 IST" duration-ms="488" status="PASS">
          <reporter-output>
          </reporter-output>
        </test-method> <!-- closeBrowser -->
      </class> <!-- com.crm.autodesk.org.CreateOrgTestWithIndAndType -->
    </test> <!-- Test -->
  </suite> <!-- Suite -->
</testng-results>
