<?xml version="1.0" encoding="UTF-8"?>
<testng-results ignored="0" total="1" passed="1" failed="0" skipped="0">
  <reporter-output>
  </reporter-output>
  <suite started-at="2021-12-31T14:37:58 IST" name="Suite" finished-at="2021-12-31T14:39:36 IST" duration-ms="98102">
    <groups>
    </groups>
    <test started-at="2021-12-31T14:37:58 IST" name="Test" finished-at="2021-12-31T14:39:36 IST" duration-ms="98102">
      <class name="PracticeTest.CreateOrganizationTest">
        <test-method is-config="true" signature="dbConnection()[pri:0, instance:PracticeTest.CreateOrganizationTest@3d51f06e]" started-at="2021-12-31T14:37:58 IST" name="dbConnection" finished-at="2021-12-31T14:37:58 IST" duration-ms="7" status="PASS">
          <reporter-output>
          </reporter-output>
        </test-method> <!-- dbConnection -->
        <test-method is-config="true" signature="lunchBrowser()[pri:0, instance:PracticeTest.CreateOrganizationTest@3d51f06e]" started-at="2021-12-31T14:37:58 IST" name="lunchBrowser" finished-at="2021-12-31T14:38:59 IST" duration-ms="60344" status="PASS">
          <reporter-output>
          </reporter-output>
        </test-method> <!-- lunchBrowser -->
        <test-method is-config="true" signature="loginToApp()[pri:0, instance:PracticeTest.CreateOrganizationTest@3d51f06e]" started-at="2021-12-31T14:38:59 IST" name="loginToApp" finished-at="2021-12-31T14:39:10 IST" duration-ms="11469" status="PASS">
          <reporter-output>
          </reporter-output>
        </test-method> <!-- loginToApp -->
        <test-method signature="createOrgTest()[pri:0, instance:PracticeTest.CreateOrganizationTest@3d51f06e]" started-at="2021-12-31T14:39:10 IST" name="createOrgTest" finished-at="2021-12-31T14:39:33 IST" duration-ms="22531" status="PASS">
          <reporter-output>
          </reporter-output>
        </test-method> <!-- createOrgTest -->
        <test-method is-config="true" signature="logoutFromApp()[pri:0, instance:PracticeTest.CreateOrganizationTest@3d51f06e]" started-at="2021-12-31T14:39:33 IST" name="logoutFromApp" finished-at="2021-12-31T14:39:35 IST" duration-ms="2191" status="PASS">
          <reporter-output>
          </reporter-output>
        </test-method> <!-- logoutFromApp -->
        <test-method is-config="true" signature="closeBrowser()[pri:0, instance:PracticeTest.CreateOrganizationTest@3d51f06e]" started-at="2021-12-31T14:39:35 IST" name="closeBrowser" finished-at="2021-12-31T14:39:36 IST" duration-ms="1472" status="PASS">
          <reporter-output>
          </reporter-output>
        </test-method> <!-- closeBrowser -->
        <test-method is-config="true" signature="closeDBConnection()[pri:0, instance:PracticeTest.CreateOrganizationTest@3d51f06e]" started-at="2021-12-31T14:39:37 IST" name="closeDBConnection" finished-at="2021-12-31T14:39:37 IST" duration-ms="0" status="PASS">
          <reporter-output>
          </reporter-output>
        </test-method> <!-- closeDBConnection -->
      </class> <!-- PracticeTest.CreateOrganizationTest -->
    </test> <!-- Test -->
  </suite> <!-- Suite -->
</testng-results>
